[2016-11-14 22:47:58] (ERROR @ D:\domains\modx\core\model\modx\xmlrss\rssfetch.class.php : 241) User warning: MagpieRSS: Failed to fetch http://feeds.feedburner.com/modx-announce (Request timed out after 5 seconds)
[2016-11-14 22:53:26] (ERROR @ D:\domains\modx\core\model\modx\modcachemanager.class.php : 344) Error caching lexicon topic lexicon/ru/core/resource
[2016-11-15 01:01:07] (ERROR @ D:\domains\modx\core\model\modx\modcachemanager.class.php : 344) Error caching lexicon topic lexicon/ru/core/resource
[2017-05-31 17:09:33] (ERROR in xPDOConnection::connect @ D:\domains\modx\core\xpdo\xpdo.class.php : 3083) SQLSTATE[HY000] [1049] Unknown database 'modx'
[2017-05-31 17:09:33] (ERROR in xPDOConnection::connect @ D:\domains\modx\core\xpdo\xpdo.class.php : 3083) SQLSTATE[HY000] [1049] Unknown database 'modx'
[2017-05-31 17:09:33] (ERROR in xPDOConnection::connect @ D:\domains\modx\core\xpdo\xpdo.class.php : 3083) SQLSTATE[HY000] [1049] Unknown database 'modx'
[2017-05-31 17:09:33] (ERROR @ D:\domains\modx\core\xpdo\om\xpdoobject.class.php : 263) Error preparing statement for query: SELECT `modSession`.`id` AS `modSession_id`, `modSession`.`access` AS `modSession_access`, `modSession`.`data` AS `modSession_data` FROM `modx_session` AS `modSession` WHERE `modSession`.`id` = ?  - 
[2017-05-31 17:09:34] (ERROR in xPDOConnection::connect @ D:\domains\modx\core\xpdo\xpdo.class.php : 3083) SQLSTATE[HY000] [1049] Unknown database 'modx'
[2017-05-31 17:09:34] (ERROR in xPDOConnection::connect @ D:\domains\modx\core\xpdo\xpdo.class.php : 3083) SQLSTATE[HY000] [1049] Unknown database 'modx'
[2017-05-31 17:09:34] (ERROR in xPDOConnection::connect @ D:\domains\modx\core\xpdo\xpdo.class.php : 3083) SQLSTATE[HY000] [1049] Unknown database 'modx'
[2017-05-31 17:09:34] (ERROR in xPDOConnection::connect @ D:\domains\modx\core\xpdo\xpdo.class.php : 3083) SQLSTATE[HY000] [1049] Unknown database 'modx'
[2017-05-31 17:09:34] (ERROR in xPDOConnection::connect @ D:\domains\modx\core\xpdo\xpdo.class.php : 3083) SQLSTATE[HY000] [1049] Unknown database 'modx'
[2017-05-31 17:09:34] (ERROR @ D:\domains\modx\core\xpdo\om\xpdoobject.class.php : 263) Error preparing statement for query: SELECT `modResource`.`id`, `modResource`.`type`, `modResource`.`contentType`, `modResource`.`pagetitle`, `modResource`.`longtitle`, `modResource`.`description`, `modResource`.`alias`, `modResource`.`link_attributes`, `modResource`.`published`, `modResource`.`pub_date`, `modResource`.`unpub_date`, `modResource`.`parent`, `modResource`.`isfolder`, `modResource`.`introtext`, `modResource`.`richtext`, `modResource`.`template`, `modResource`.`menuindex`, `modResource`.`searchable`, `modResource`.`cacheable`, `modResource`.`createdby`, `modResource`.`createdon`, `modResource`.`editedby`, `modResource`.`editedon`, `modResource`.`deleted`, `modResource`.`deletedon`, `modResource`.`deletedby`, `modResource`.`publishedon`, `modResource`.`publishedby`, `modResource`.`menutitle`, `modResource`.`donthit`, `modResource`.`privateweb`, `modResource`.`privatemgr`, `modResource`.`content_dispo`, `modResource`.`hidemenu`, `modResource`.`class_key`, `modResource`.`context_key`, `modResource`.`content_type`, `modResource`.`uri`, `modResource`.`uri_override`, `modResource`.`hide_children_in_tree`, `modResource`.`show_in_tree`, `modResource`.`properties` FROM `modx_site_content` AS `modResource` WHERE  ( modResource.parent IN (9,10,11) AND `modResource`.`deleted` = ? AND `modResource`.`published` = ? AND `modResource`.`hidemenu` = ? )  ORDER BY RAND() DESC LIMIT 1  - 
[2017-05-31 17:09:34] (ERROR in xPDOConnection::connect @ D:\domains\modx\core\xpdo\xpdo.class.php : 3083) SQLSTATE[HY000] [1049] Unknown database 'modx'
[2017-05-31 17:09:34] (ERROR in xPDOConnection::connect @ D:\domains\modx\core\xpdo\xpdo.class.php : 3083) SQLSTATE[HY000] [1049] Unknown database 'modx'
[2017-05-31 17:09:34] (ERROR @ D:\domains\modx\core\xpdo\om\xpdoobject.class.php : 263) Error preparing statement for query: SELECT `modSession`.`id` AS `modSession_id`, `modSession`.`access` AS `modSession_access`, `modSession`.`data` AS `modSession_data` FROM `modx_session` AS `modSession` WHERE `modSession`.`id` = ?  - 
[2017-05-31 17:09:34] (ERROR in xPDOConnection::connect @ D:\domains\modx\core\xpdo\xpdo.class.php : 3083) SQLSTATE[HY000] [1049] Unknown database 'modx'
[2017-05-31 17:09:34] (ERROR in xPDOConnection::connect @ D:\domains\modx\core\xpdo\xpdo.class.php : 3083) SQLSTATE[HY000] [1049] Unknown database 'modx'
[2017-05-31 17:09:35] (ERROR in xPDOConnection::connect @ D:\domains\modx\core\xpdo\xpdo.class.php : 3083) SQLSTATE[HY000] [1049] Unknown database 'modx'
[2017-05-31 17:09:35] (ERROR in xPDOConnection::connect @ D:\domains\modx\core\xpdo\xpdo.class.php : 3083) SQLSTATE[HY000] [1049] Unknown database 'modx'
[2017-05-31 17:09:35] (ERROR in xPDOConnection::connect @ D:\domains\modx\core\xpdo\xpdo.class.php : 3083) SQLSTATE[HY000] [1049] Unknown database 'modx'
[2017-05-31 17:09:35] (ERROR @ D:\domains\modx\core\xpdo\om\xpdoobject.class.php : 263) Error preparing statement for query: SELECT `modSession`.`id` AS `modSession_id`, `modSession`.`access` AS `modSession_access`, `modSession`.`data` AS `modSession_data` FROM `modx_session` AS `modSession` WHERE `modSession`.`id` = ?  - 
[2017-05-31 17:09:35] (ERROR in xPDOConnection::connect @ D:\domains\modx\core\xpdo\xpdo.class.php : 3083) SQLSTATE[HY000] [1049] Unknown database 'modx'
[2017-05-31 17:09:35] (ERROR in xPDOConnection::connect @ D:\domains\modx\core\xpdo\xpdo.class.php : 3083) SQLSTATE[HY000] [1049] Unknown database 'modx'
[2017-05-31 17:09:35] (ERROR in xPDOConnection::connect @ D:\domains\modx\core\xpdo\xpdo.class.php : 3083) SQLSTATE[HY000] [1049] Unknown database 'modx'
[2017-05-31 17:09:35] (ERROR in xPDOConnection::connect @ D:\domains\modx\core\xpdo\xpdo.class.php : 3083) SQLSTATE[HY000] [1049] Unknown database 'modx'
[2017-05-31 17:09:35] (ERROR in xPDOConnection::connect @ D:\domains\modx\core\xpdo\xpdo.class.php : 3083) SQLSTATE[HY000] [1049] Unknown database 'modx'
[2017-05-31 17:09:35] (ERROR in xPDOConnection::connect @ D:\domains\modx\core\xpdo\xpdo.class.php : 3083) SQLSTATE[HY000] [1049] Unknown database 'modx'
[2017-05-31 17:09:35] (ERROR in xPDOConnection::connect @ D:\domains\modx\core\xpdo\xpdo.class.php : 3083) SQLSTATE[HY000] [1049] Unknown database 'modx'
[2017-05-31 17:09:35] (ERROR in xPDOConnection::connect @ D:\domains\modx\core\xpdo\xpdo.class.php : 3083) SQLSTATE[HY000] [1049] Unknown database 'modx'
[2017-05-31 17:09:35] (ERROR @ D:\domains\modx\core\xpdo\om\xpdoobject.class.php : 263) Error preparing statement for query: SELECT `modResource`.`id`, `modResource`.`type`, `modResource`.`contentType`, `modResource`.`pagetitle`, `modResource`.`longtitle`, `modResource`.`description`, `modResource`.`alias`, `modResource`.`link_attributes`, `modResource`.`published`, `modResource`.`pub_date`, `modResource`.`unpub_date`, `modResource`.`parent`, `modResource`.`isfolder`, `modResource`.`introtext`, `modResource`.`richtext`, `modResource`.`template`, `modResource`.`menuindex`, `modResource`.`searchable`, `modResource`.`cacheable`, `modResource`.`createdby`, `modResource`.`createdon`, `modResource`.`editedby`, `modResource`.`editedon`, `modResource`.`deleted`, `modResource`.`deletedon`, `modResource`.`deletedby`, `modResource`.`publishedon`, `modResource`.`publishedby`, `modResource`.`menutitle`, `modResource`.`donthit`, `modResource`.`privateweb`, `modResource`.`privatemgr`, `modResource`.`content_dispo`, `modResource`.`hidemenu`, `modResource`.`class_key`, `modResource`.`context_key`, `modResource`.`content_type`, `modResource`.`uri`, `modResource`.`uri_override`, `modResource`.`hide_children_in_tree`, `modResource`.`show_in_tree`, `modResource`.`properties` FROM `modx_site_content` AS `modResource` WHERE  ( modResource.parent IN (9,10,11) AND `modResource`.`deleted` = ? AND `modResource`.`published` = ? AND `modResource`.`hidemenu` = ? )  ORDER BY RAND() DESC LIMIT 1  - 
[2017-05-31 17:09:35] (ERROR in xPDOConnection::connect @ D:\domains\modx\core\xpdo\xpdo.class.php : 3083) SQLSTATE[HY000] [1049] Unknown database 'modx'
[2017-05-31 17:09:35] (ERROR in xPDOConnection::connect @ D:\domains\modx\core\xpdo\xpdo.class.php : 3083) SQLSTATE[HY000] [1049] Unknown database 'modx'
[2017-05-31 17:09:35] (ERROR @ D:\domains\modx\core\xpdo\om\xpdoobject.class.php : 263) Error preparing statement for query: SELECT `modSession`.`id` AS `modSession_id`, `modSession`.`access` AS `modSession_access`, `modSession`.`data` AS `modSession_data` FROM `modx_session` AS `modSession` WHERE `modSession`.`id` = ?  - 
[2017-05-31 17:09:35] (ERROR in xPDOConnection::connect @ D:\domains\modx\core\xpdo\xpdo.class.php : 3083) SQLSTATE[HY000] [1049] Unknown database 'modx'
[2017-05-31 17:09:35] (ERROR in xPDOConnection::connect @ D:\domains\modx\core\xpdo\xpdo.class.php : 3083) SQLSTATE[HY000] [1049] Unknown database 'modx'
[2017-05-31 17:09:35] (ERROR in xPDOConnection::connect @ D:\domains\modx\core\xpdo\xpdo.class.php : 3083) SQLSTATE[HY000] [1049] Unknown database 'modx'
[2017-05-31 17:09:35] (ERROR in xPDOConnection::connect @ D:\domains\modx\core\xpdo\xpdo.class.php : 3083) SQLSTATE[HY000] [1049] Unknown database 'modx'
[2017-05-31 17:09:35] (ERROR in xPDOConnection::connect @ D:\domains\modx\core\xpdo\xpdo.class.php : 3083) SQLSTATE[HY000] [1049] Unknown database 'modx'
[2017-05-31 17:09:35] (ERROR @ D:\domains\modx\core\xpdo\om\xpdoobject.class.php : 263) Error preparing statement for query: SELECT `modSession`.`id` AS `modSession_id`, `modSession`.`access` AS `modSession_access`, `modSession`.`data` AS `modSession_data` FROM `modx_session` AS `modSession` WHERE `modSession`.`id` = ?  - 
[2017-05-31 17:09:35] (ERROR in xPDOConnection::connect @ D:\domains\modx\core\xpdo\xpdo.class.php : 3083) SQLSTATE[HY000] [1049] Unknown database 'modx'
[2017-05-31 17:09:35] (ERROR in xPDOConnection::connect @ D:\domains\modx\core\xpdo\xpdo.class.php : 3083) SQLSTATE[HY000] [1049] Unknown database 'modx'
[2017-05-31 17:09:35] (ERROR in xPDOConnection::connect @ D:\domains\modx\core\xpdo\xpdo.class.php : 3083) SQLSTATE[HY000] [1049] Unknown database 'modx'
[2017-05-31 17:09:35] (ERROR in xPDOConnection::connect @ D:\domains\modx\core\xpdo\xpdo.class.php : 3083) SQLSTATE[HY000] [1049] Unknown database 'modx'
[2017-05-31 17:09:35] (ERROR in xPDOConnection::connect @ D:\domains\modx\core\xpdo\xpdo.class.php : 3083) SQLSTATE[HY000] [1049] Unknown database 'modx'
[2017-05-31 17:09:35] (ERROR in xPDOConnection::connect @ D:\domains\modx\core\xpdo\xpdo.class.php : 3083) SQLSTATE[HY000] [1049] Unknown database 'modx'
[2017-05-31 17:09:35] (ERROR in xPDOConnection::connect @ D:\domains\modx\core\xpdo\xpdo.class.php : 3083) SQLSTATE[HY000] [1049] Unknown database 'modx'
[2017-05-31 17:09:35] (ERROR in xPDOConnection::connect @ D:\domains\modx\core\xpdo\xpdo.class.php : 3083) SQLSTATE[HY000] [1049] Unknown database 'modx'
[2017-05-31 17:09:35] (ERROR @ D:\domains\modx\core\xpdo\om\xpdoobject.class.php : 263) Error preparing statement for query: SELECT `modResource`.`id`, `modResource`.`type`, `modResource`.`contentType`, `modResource`.`pagetitle`, `modResource`.`longtitle`, `modResource`.`description`, `modResource`.`alias`, `modResource`.`link_attributes`, `modResource`.`published`, `modResource`.`pub_date`, `modResource`.`unpub_date`, `modResource`.`parent`, `modResource`.`isfolder`, `modResource`.`introtext`, `modResource`.`richtext`, `modResource`.`template`, `modResource`.`menuindex`, `modResource`.`searchable`, `modResource`.`cacheable`, `modResource`.`createdby`, `modResource`.`createdon`, `modResource`.`editedby`, `modResource`.`editedon`, `modResource`.`deleted`, `modResource`.`deletedon`, `modResource`.`deletedby`, `modResource`.`publishedon`, `modResource`.`publishedby`, `modResource`.`menutitle`, `modResource`.`donthit`, `modResource`.`privateweb`, `modResource`.`privatemgr`, `modResource`.`content_dispo`, `modResource`.`hidemenu`, `modResource`.`class_key`, `modResource`.`context_key`, `modResource`.`content_type`, `modResource`.`uri`, `modResource`.`uri_override`, `modResource`.`hide_children_in_tree`, `modResource`.`show_in_tree`, `modResource`.`properties` FROM `modx_site_content` AS `modResource` WHERE  ( modResource.parent IN (9,10,11) AND `modResource`.`deleted` = ? AND `modResource`.`published` = ? AND `modResource`.`hidemenu` = ? )  ORDER BY RAND() DESC LIMIT 1  - 
[2017-05-31 17:09:35] (ERROR in xPDOConnection::connect @ D:\domains\modx\core\xpdo\xpdo.class.php : 3083) SQLSTATE[HY000] [1049] Unknown database 'modx'
[2017-05-31 17:09:35] (ERROR in xPDOConnection::connect @ D:\domains\modx\core\xpdo\xpdo.class.php : 3083) SQLSTATE[HY000] [1049] Unknown database 'modx'
[2017-05-31 17:09:35] (ERROR @ D:\domains\modx\core\xpdo\om\xpdoobject.class.php : 263) Error preparing statement for query: SELECT `modSession`.`id` AS `modSession_id`, `modSession`.`access` AS `modSession_access`, `modSession`.`data` AS `modSession_data` FROM `modx_session` AS `modSession` WHERE `modSession`.`id` = ?  - 
[2017-05-31 17:09:35] (ERROR in xPDOConnection::connect @ D:\domains\modx\core\xpdo\xpdo.class.php : 3083) SQLSTATE[HY000] [1049] Unknown database 'modx'
[2017-05-31 17:09:35] (ERROR in xPDOConnection::connect @ D:\domains\modx\core\xpdo\xpdo.class.php : 3083) SQLSTATE[HY000] [1049] Unknown database 'modx'
